2023-07-05 21:18:45 error: In-valid User ID.
2023-07-05 21:20:24 error: In-valid User ID.
2023-07-06 05:56:34 error: @Method:(get) @Endpoint:(/confrimEmail/:token) @FunName:(confrimEmail) - Your Token is Expired
2023-07-06 05:57:59 error: @Method:(get) @Endpoint:(/confrimEmail/:token) @FunName:(confrimEmail) - JsonWebTokenError: jwt malformed
2023-07-06 06:09:28 error: @Method:(get) @Endpoint:(/confrimEmail/:token) @FunName:(confrimEmail) - JsonWebTokenError: jwt malformed
2023-07-06 06:09:39 error: @Method:(get) @Endpoint:(/resendConfrimEmail/:userId) @FunName:(resendConfrimEmail) - You already confirmed Please proceed to login Page.
2023-07-06 06:12:28 error: @Method:(get) @Endpoint:(/resendConfrimEmail/:userId) @FunName:(resendConfrimEmail) - You already confirmed Please proceed to login Page.
2023-07-06 06:13:52 error: @Method:(get) @Endpoint:(/resendConfrimEmail/:userId) @FunName:(resendConfrimEmail) - This User id: (64a62da92fda6d2ce277b1f1) You already confirmed Please proceed to login Page.
2023-07-06 14:49:10 error: This User id: (64a6a9be5612519357f1657a) email: (ahmedgomaa8998@gmail.com) an error occurred While a Sign up confirmation email was being sent.
2023-07-06 14:54:04 error: @Method:(get) @Endpoint:(/resendConfrimEmail/:userId) @FunName:(resendConfrimEmail) - This User id: (64a6aa9610c4c579bce0282c) You already confirmed Please proceed to login Page.
2023-07-06 15:02:51 error: @Method:(post) @Endpoint:(/login) @FunName:(Login) - Please confrim your Email first.
2023-07-06 15:06:40 error: @Method:(post) @Endpoint:(/login) @FunName:(Login) - Please confrim your Email first.
2023-07-06 15:06:55 error: @Method:(post) @Endpoint:(/login) @FunName:(Login) - Error Occurred While This User Try to LogIn email:(ahmedgomaa8998@gmail.com) Error: Illegal arguments: string, undefined. 
2023-07-06 15:09:13 error: @Method:(post) @Endpoint:(/login) @FunName:(Login) - Error Occurred While This User Try to LogIn email:(ahmedgomaa8998@gmail.com) Error: Illegal arguments: string, undefined. 
2023-07-06 15:10:18 error: @Method:(post) @Endpoint:(/login) @FunName:(Login) - Error Occurred While This User Try to LogIn email:(ahmedgomaa8998@gmail.com) Error: Illegal arguments: string, undefined. 
2023-07-06 15:19:12 error: @Method:(post) @Endpoint:(/login) @FunName:(Login) - User Login Successfully.
2023-07-06 15:23:00 error: @Method:(post) @Endpoint:(/login) @FunName:(Login) - You are Already Login.
2023-07-06 15:23:11 error: @Method:(post) @Endpoint:(/login) @FunName:(Login) - User Login Successfully.
2023-07-06 15:24:38 error: @Method:(post) @Endpoint:(/login) @FunName:(Login) - User Login Successfully.
2023-07-06 15:28:56 error: @Method:(post) @Endpoint:(/login) @FunName:(Login) - In-vaild Email OR Password.
2023-07-06 15:30:47 error: @Method:(post) @Endpoint:(/login) @FunName:(Login) - User Login Successfully.
2023-07-06 15:32:12 error: @Method:(post) @Endpoint:(/login) @FunName:(Login) - You are Already Login.
2023-07-09 11:40:58 error: This User id: (undefined) email: (ahmedgomaa8998@gmail.com) an error occurred While a Sign up confirmation email was being sent.
2023-07-09 12:07:06 error: This User id: (64aa7842a97ef82671d2267d) email: (ahmedgomaa8998@gmail.com) an error occurred While a Sign up confirmation email was being sent.
2023-07-09 12:11:51 error: This User id: (64aa7842a97ef82671d2267d) email: (ahmedgomaa8998@gmail.com) an error occurred While a Sign up confirmation email was being sent.
2023-07-09 12:17:23 error: This User id: (64aa7842a97ef82671d2267d) email: (ahmedgomaa8998@gmail.com) an error occurred While a Sign up confirmation email was being sent.
2023-07-09 12:22:10 error: This User id: (64aa7842a97ef82671d2267d) email: (ahmedgomaa8998@gmail.com) an error occurred While a Sign up confirmation email was being sent.
2023-07-09 12:28:56 error: This User id: (64aa7842a97ef82671d2267d) email: (ahmedgomaa8998@gmail.com) an error occurred While a Sign up confirmation email was being sent.
2023-07-09 13:25:13 error: @Method:(post) @Endpoint:(/passwordReset) @FunName:(resetPasswordController) - This User id: (64aa7842a97ef82671d2267d) Invalid or expired password reset token.
2023-07-09 13:28:03 error: @Method:(post) @Endpoint:(/passwordReset) @FunName:(resetPasswordController) - This User id: (64aa7842a97ef82671d2267d) Invalid or expired password reset token.
2023-07-09 13:32:09 error: @Method:(post) @Endpoint:(/login) @FunName:(Login) - You are Already Login.
2023-07-09 13:44:01 error: @Method:(post) @Endpoint:(/login) @FunName:(Login) - In-valid Email Or Password.
2023-07-09 16:13:33 error: error: Error: getaddrinfo EAI_AGAIN www.googleapis.com 
error stack: InternalOAuthError: Failed to obtain access token
    at Strategy.OAuth2Strategy._createOAuthError (/home/ahmed/Fixed/Projects/AuthService/Auth-LogingModule/node_modules/passport-oauth2/lib/strategy.js:423:17)
    at /home/ahmed/Fixed/Projects/AuthService/Auth-LogingModule/node_modules/passport-oauth2/lib/strategy.js:177:45
    at /home/ahmed/Fixed/Projects/AuthService/Auth-LogingModule/node_modules/oauth/lib/oauth2.js:191:18
    at ClientRequest.<anonymous> (/home/ahmed/Fixed/Projects/AuthService/Auth-LogingModule/node_modules/oauth/lib/oauth2.js:162:5)
    at ClientRequest.emit (node:events:513:28)
    at ClientRequest.emit (node:domain:489:12)
    at TLSSocket.socketErrorListener (node:_http_client:502:9)
    at TLSSocket.emit (node:events:513:28)
    at TLSSocket.emit (node:domain:489:12)
    at emitErrorNT (node:internal/streams/destroy:151:8)
2023-07-09 16:17:07 error: error: Error: read ECONNRESET 
error stack: InternalOAuthError: Failed to obtain access token
    at Strategy.OAuth2Strategy._createOAuthError (/home/ahmed/Fixed/Projects/AuthService/Auth-LogingModule/node_modules/passport-oauth2/lib/strategy.js:423:17)
    at /home/ahmed/Fixed/Projects/AuthService/Auth-LogingModule/node_modules/passport-oauth2/lib/strategy.js:177:45
    at /home/ahmed/Fixed/Projects/AuthService/Auth-LogingModule/node_modules/oauth/lib/oauth2.js:191:18
    at ClientRequest.<anonymous> (/home/ahmed/Fixed/Projects/AuthService/Auth-LogingModule/node_modules/oauth/lib/oauth2.js:162:5)
    at ClientRequest.emit (node:events:513:28)
    at ClientRequest.emit (node:domain:489:12)
    at TLSSocket.socketErrorListener (node:_http_client:502:9)
    at TLSSocket.emit (node:events:513:28)
    at TLSSocket.emit (node:domain:489:12)
    at emitErrorNT (node:internal/streams/destroy:151:8)
2023-07-09 16:17:42 error: error: Error: read ECONNRESET 
error stack: InternalOAuthError: Failed to fetch user profile
    at /home/ahmed/Fixed/Projects/AuthService/Auth-LogingModule/node_modules/passport-google-oauth20/lib/strategy.js:99:19
    at ClientRequest.<anonymous> (/home/ahmed/Fixed/Projects/AuthService/Auth-LogingModule/node_modules/oauth/lib/oauth2.js:162:5)
    at ClientRequest.emit (node:events:513:28)
    at ClientRequest.emit (node:domain:489:12)
    at TLSSocket.socketErrorListener (node:_http_client:502:9)
    at TLSSocket.emit (node:events:513:28)
    at TLSSocket.emit (node:domain:489:12)
    at emitErrorNT (node:internal/streams/destroy:151:8)
    at emitErrorCloseNT (node:internal/streams/destroy:116:3)
    at processTicksAndRejections (node:internal/process/task_queues:82:21)
2023-07-10 16:16:47 error: @Method:(post) @Endpoint:(/login) @FunName:(Login) - Please confrim your Email first.
2023-07-10 16:52:38 error: @Method:(post) @Endpoint:(/login) @FunName:(Login) - In-valid Email Or Password.
2023-07-10 16:53:43 error: @Method:(post) @Endpoint:(/login) @FunName:(Login) - Please confrim your Email first.
2023-07-10 16:54:26 error: @Method:(get) @Endpoint:(/confrimEmail/:token) @FunName:(confrimEmail) - TypeError: Cannot read properties of undefined (reading '_id')
2023-07-10 16:54:46 error: @Method:(post) @Endpoint:(/login) @FunName:(Login) - In-valid Email Or Password.
2023-07-10 16:58:46 error: @Method:(post) @Endpoint:(/login) @FunName:(Login) - In-valid Email Or Password.
2023-07-10 17:00:38 error: @Method:(post) @Endpoint:(/login) @FunName:(Login) - In-valid Email Or Password.
2023-07-11 11:02:02 error: error: ValidationError: firstName: Path `firstName` is required., lastName: Path `lastName` is required. 
error stack: ValidationError: user validation failed: firstName: Path `firstName` is required., lastName: Path `lastName` is required.
    at model.Document.invalidate (/home/ahmed/Fixed/Projects/AuthService/Auth-LogingModule/node_modules/mongoose/lib/document.js:3147:32)
    at /home/ahmed/Fixed/Projects/AuthService/Auth-LogingModule/node_modules/mongoose/lib/document.js:2940:17
    at /home/ahmed/Fixed/Projects/AuthService/Auth-LogingModule/node_modules/mongoose/lib/schematype.js:1352:9
    at processTicksAndRejections (node:internal/process/task_queues:77:11)
